TN:
SF:src\constants\config.ts
FN:4,(anonymous_0)
FNF:1
FNH:1
FNDA:14,(anonymous_0)
DA:4,2
DA:5,14
DA:6,14
DA:9,2
DA:26,2
LF:5
LH:5
BRDA:6,0,0,14
BRDA:6,0,1,7
BRF:2
BRH:2
end_of_record
TN:
SF:src\constants\permissions.ts
FNF:0
FNH:0
DA:12,2
DA:56,2
LF:2
LH:2
BRF:0
BRH:0
end_of_record
TN:
SF:src\styles\theme.ts
FNF:0
FNH:0
DA:4,1
LF:1
LH:1
BRF:0
BRH:0
end_of_record
TN:
SF:src\styles\typography.ts
FNF:0
FNH:0
DA:3,2
LF:1
LH:1
BRF:0
BRH:0
end_of_record
TN:
SF:src\utils\cache.ts
FN:9,(anonymous_0)
FN:18,(anonymous_1)
FN:28,(anonymous_2)
FN:37,(anonymous_3)
FN:38,(anonymous_4)
FN:40,(anonymous_5)
FN:41,(anonymous_6)
FN:43,(anonymous_7)
FN:44,(anonymous_8)
FNF:9
FNH:9
FNDA:4,(anonymous_0)
FNDA:4,(anonymous_1)
FNDA:1,(anonymous_2)
FNDA:1,(anonymous_3)
FNDA:1,(anonymous_4)
FNDA:1,(anonymous_5)
FNDA:1,(anonymous_6)
FNDA:1,(anonymous_7)
FNDA:1,(anonymous_8)
DA:3,1
DA:9,1
DA:10,4
DA:11,4
DA:12,4
DA:14,4
DA:18,1
DA:19,4
DA:20,4
DA:21,0
DA:23,4
DA:24,4
DA:28,1
DA:29,1
DA:30,1
DA:32,1
DA:37,1
DA:38,1
DA:40,1
DA:41,1
DA:43,1
DA:44,1
LF:22
LH:21
BRDA:21,0,0,0
BRDA:21,0,1,0
BRF:2
BRH:0
end_of_record
TN:
SF:src\utils\formatting.ts
FN:4,(anonymous_0)
FN:18,(anonymous_1)
FN:36,(anonymous_2)
FN:48,(anonymous_3)
FNF:4
FNH:4
FNDA:7,(anonymous_0)
FNDA:6,(anonymous_1)
FNDA:1,(anonymous_2)
FNDA:1,(anonymous_3)
DA:4,1
DA:5,7
DA:6,7
DA:7,4
DA:18,1
DA:19,6
DA:20,3
DA:21,3
DA:22,3
DA:23,1
DA:29,0
DA:36,1
DA:37,1
DA:38,1
DA:48,1
DA:49,1
DA:50,1
LF:17
LH:16
BRDA:5,0,0,3
BRDA:5,0,1,4
BRDA:6,1,0,3
BRDA:6,1,1,4
BRDA:19,2,0,3
BRDA:19,2,1,3
BRDA:22,3,0,2
BRDA:22,3,1,1
BRF:8
BRH:8
end_of_record
TN:
SF:src\utils\permissions.ts
FN:8,(anonymous_0)
FN:23,(anonymous_1)
FN:32,(anonymous_2)
FN:37,(anonymous_3)
FN:45,(anonymous_4)
FN:52,(anonymous_5)
FN:59,(anonymous_6)
FN:69,(anonymous_7)
FN:76,(anonymous_8)
FN:80,(anonymous_9)
FN:84,(anonymous_10)
FN:89,(anonymous_11)
FN:93,(anonymous_12)
FNF:13
FNH:13
FNDA:11,(anonymous_0)
FNDA:14,(anonymous_1)
FNDA:14,(anonymous_2)
FNDA:3,(anonymous_3)
FNDA:2,(anonymous_4)
FNDA:1,(anonymous_5)
FNDA:3,(anonymous_6)
FNDA:1,(anonymous_7)
FNDA:1,(anonymous_8)
FNDA:2,(anonymous_9)
FNDA:1,(anonymous_10)
FNDA:1,(anonymous_11)
FNDA:1,(anonymous_12)
DA:8,1
DA:9,11
DA:12,10
DA:13,2
DA:17,8
DA:23,1
DA:24,14
DA:27,13
DA:28,3
DA:32,14
DA:37,1
DA:38,3
DA:45,1
DA:46,2
DA:52,1
DA:53,1
DA:59,1
DA:60,3
DA:67,1
DA:69,1
DA:70,1
DA:76,1
DA:77,1
DA:80,1
DA:81,2
DA:84,1
DA:86,1
DA:89,1
DA:90,1
DA:93,1
DA:94,1
LF:31
LH:31
BRDA:9,0,0,1
BRDA:9,0,1,10
BRDA:12,1,0,2
BRDA:12,1,1,8
BRDA:17,2,0,8
BRDA:17,2,1,2
BRDA:24,3,0,1
BRDA:24,3,1,13
BRDA:27,4,0,3
BRDA:27,4,1,10
BRDA:32,5,0,10
BRDA:32,5,1,3
BRF:12
BRH:12
end_of_record
TN:
SF:src\utils\validation.ts
FNF:0
FNH:0
DA:3,1
DA:12,1
DA:23,1
DA:39,1
LF:4
LH:4
BRF:0
BRH:0
end_of_record
