TN:
SF:src\constants\config.ts
FN:4,(anonymous_0)
FNF:1
FNH:1
FNDA:14,(anonymous_0)
DA:4,2
DA:5,14
DA:6,14
DA:9,2
DA:26,2
LF:5
LH:5
BRDA:6,0,0,14
BRDA:6,0,1,7
BRF:2
BRH:2
end_of_record
TN:
SF:src\constants\permissions.ts
FNF:0
FNH:0
DA:12,2
DA:56,2
LF:2
LH:2
BRF:0
BRH:0
end_of_record
TN:
SF:src\styles\theme.ts
FNF:0
FNH:0
DA:4,1
LF:1
LH:1
BRF:0
BRH:0
end_of_record
TN:
SF:src\styles\typography.ts
FNF:0
FNH:0
DA:3,2
LF:1
LH:1
BRF:0
BRH:0
end_of_record
TN:
SF:src\utils\cache.ts
FN:9,(anonymous_0)
FN:18,(anonymous_1)
FN:28,(anonymous_2)
FN:37,(anonymous_3)
FN:38,(anonymous_4)
FN:40,(anonymous_5)
FN:41,(anonymous_6)
FN:43,(anonymous_7)
FN:44,(anonymous_8)
FNF:9
FNH:9
FNDA:4,(anonymous_0)
FNDA:4,(anonymous_1)
FNDA:1,(anonymous_2)
FNDA:1,(anonymous_3)
FNDA:1,(anonymous_4)
FNDA:1,(anonymous_5)
FNDA:1,(anonymous_6)
FNDA:1,(anonymous_7)
FNDA:1,(anonymous_8)
DA:3,1
DA:9,1
DA:10,4
DA:11,4
DA:12,4
DA:14,4
DA:18,1
DA:19,4
DA:20,4
DA:21,0
DA:23,4
DA:24,4
DA:28,1
DA:29,1
DA:30,1
DA:32,1
DA:37,1
DA:38,1
DA:40,1
DA:41,1
DA:43,1
DA:44,1
LF:22
LH:21
BRDA:21,0,0,0
BRDA:21,0,1,0
BRF:2
BRH:0
end_of_record
TN:
SF:src\utils\formatting.ts
FN:4,(anonymous_0)
FN:18,(anonymous_1)
FN:36,(anonymous_2)
FN:48,(anonymous_3)
FNF:4
FNH:4
FNDA:7,(anonymous_0)
FNDA:6,(anonymous_1)
FNDA:1,(anonymous_2)
FNDA:1,(anonymous_3)
DA:4,1
DA:5,7
DA:6,7
DA:7,4
DA:18,1
DA:19,6
DA:20,3
DA:21,3
DA:22,3
DA:23,1
DA:29,0
DA:36,1
DA:37,1
DA:38,1
DA:48,1
DA:49,1
DA:50,1
LF:17
LH:16
BRDA:5,0,0,3
BRDA:5,0,1,4
BRDA:6,1,0,3
BRDA:6,1,1,4
BRDA:19,2,0,3
BRDA:19,2,1,3
BRDA:22,3,0,2
BRDA:22,3,1,1
BRF:8
BRH:8
end_of_record
TN:
SF:src\utils\permissions.ts
FN:7,(anonymous_0)
FN:13,(anonymous_1)
FN:25,(anonymous_2)
FN:40,(anonymous_3)
FN:49,(anonymous_4)
FN:54,(anonymous_5)
FN:62,(anonymous_6)
FN:69,(anonymous_7)
FN:76,(anonymous_8)
FN:86,(anonymous_9)
FN:93,(anonymous_10)
FN:97,(anonymous_11)
FN:101,(anonymous_12)
FN:106,(anonymous_13)
FN:110,(anonymous_14)
FNF:15
FNH:13
FNDA:0,(anonymous_0)
FNDA:0,(anonymous_1)
FNDA:11,(anonymous_2)
FNDA:14,(anonymous_3)
FNDA:14,(anonymous_4)
FNDA:3,(anonymous_5)
FNDA:2,(anonymous_6)
FNDA:1,(anonymous_7)
FNDA:3,(anonymous_8)
FNDA:1,(anonymous_9)
FNDA:1,(anonymous_10)
FNDA:2,(anonymous_11)
FNDA:1,(anonymous_12)
FNDA:1,(anonymous_13)
FNDA:1,(anonymous_14)
DA:7,1
DA:8,0
DA:9,0
DA:10,0
DA:11,0
DA:14,0
DA:25,1
DA:26,11
DA:29,10
DA:30,2
DA:34,8
DA:40,1
DA:41,14
DA:44,13
DA:45,3
DA:49,14
DA:54,1
DA:55,3
DA:62,1
DA:63,2
DA:69,1
DA:70,1
DA:76,1
DA:77,3
DA:84,1
DA:86,1
DA:87,1
DA:93,1
DA:94,1
DA:97,1
DA:98,2
DA:101,1
DA:103,1
DA:106,1
DA:107,1
DA:110,1
DA:111,1
LF:37
LH:32
BRDA:8,0,0,0
BRDA:8,0,1,0
BRDA:9,1,0,0
BRDA:9,1,1,0
BRDA:10,2,0,0
BRDA:10,2,1,0
BRDA:12,3,0,0
BRDA:12,3,1,0
BRDA:14,4,0,0
BRDA:14,4,1,0
BRDA:14,4,2,0
BRDA:26,5,0,1
BRDA:26,5,1,10
BRDA:29,6,0,2
BRDA:29,6,1,8
BRDA:34,7,0,8
BRDA:34,7,1,2
BRDA:41,8,0,1
BRDA:41,8,1,13
BRDA:44,9,0,3
BRDA:44,9,1,10
BRDA:49,10,0,10
BRDA:49,10,1,3
BRF:23
BRH:12
end_of_record
TN:
SF:src\utils\validation.ts
FNF:0
FNH:0
DA:4,1
DA:6,1
DA:15,1
DA:26,1
DA:42,1
LF:5
LH:5
BRF:0
BRH:0
end_of_record
